{"/Users/meiyappan/Documents/next-pg-cache/next-pg-cache/src/pgclient.ts": {"path":"/Users/meiyappan/Documents/next-pg-cache/next-pg-cache/src/pgclient.ts","statementMap":{"0":{"start":{"line":7,"column":0},"end":{"line":7,"column":22}},"1":{"start":{"line":42,"column":0},"end":{"line":42,"column":22}},"2":{"start":{"line":65,"column":0},"end":{"line":65,"column":23}},"3":{"start":{"line":77,"column":0},"end":{"line":77,"column":22}},"4":{"start":{"line":93,"column":0},"end":{"line":93,"column":22}},"5":{"start":{"line":119,"column":0},"end":{"line":119,"column":22}},"6":{"start":{"line":1,"column":0},"end":{"line":1,"column":20}},"7":{"start":{"line":2,"column":0},"end":{"line":2,"column":25}},"8":{"start":{"line":3,"column":17},"end":{"line":3,"column":19}},"9":{"start":{"line":8,"column":22},"end":{"line":18,"column":4}},"10":{"start":{"line":19,"column":2},"end":{"line":37,"column":3}},"11":{"start":{"line":20,"column":16},"end":{"line":25,"column":null}},"12":{"start":{"line":26,"column":16},"end":{"line":26,"column":40}},"13":{"start":{"line":27,"column":4},"end":{"line":27,"column":28}},"14":{"start":{"line":29,"column":24},"end":{"line":35,"column":6}},"15":{"start":{"line":36,"column":4},"end":{"line":36,"column":33}},"16":{"start":{"line":43,"column":2},"end":{"line":61,"column":3}},"17":{"start":{"line":44,"column":12},"end":{"line":44,"column":31}},"18":{"start":{"line":45,"column":4},"end":{"line":58,"column":5}},"19":{"start":{"line":46,"column":31},"end":{"line":53,"column":8}},"20":{"start":{"line":54,"column":6},"end":{"line":54,"column":38}},"21":{"start":{"line":57,"column":6},"end":{"line":57,"column":74}},"22":{"start":{"line":60,"column":4},"end":{"line":60,"column":88}},"23":{"start":{"line":67,"column":2},"end":{"line":74,"column":3}},"24":{"start":{"line":68,"column":4},"end":{"line":68,"column":28}},"25":{"start":{"line":69,"column":4},"end":{"line":69,"column":22}},"26":{"start":{"line":70,"column":19},"end":{"line":70,"column":48}},"27":{"start":{"line":71,"column":4},"end":{"line":71,"column":30}},"28":{"start":{"line":73,"column":4},"end":{"line":73,"column":67}},"29":{"start":{"line":78,"column":2},"end":{"line":78,"column":null}},"30":{"start":{"line":79,"column":2},"end":{"line":90,"column":3}},"31":{"start":{"line":80,"column":14},"end":{"line":80,"column":33}},"32":{"start":{"line":81,"column":23},"end":{"line":81,"column":70}},"33":{"start":{"line":82,"column":19},"end":{"line":82,"column":44}},"34":{"start":{"line":83,"column":4},"end":{"line":83,"column":null}},"35":{"start":{"line":85,"column":4},"end":{"line":85,"column":67}},"36":{"start":{"line":86,"column":4},"end":{"line":86,"column":10}},"37":{"start":{"line":88,"column":4},"end":{"line":88,"column":null}},"38":{"start":{"line":89,"column":4},"end":{"line":89,"column":10}},"39":{"start":{"line":94,"column":2},"end":{"line":116,"column":3}},"40":{"start":{"line":95,"column":4},"end":{"line":95,"column":null}},"41":{"start":{"line":96,"column":14},"end":{"line":96,"column":33}},"42":{"start":{"line":97,"column":25},"end":{"line":97,"column":35}},"43":{"start":{"line":98,"column":17},"end":{"line":98,"column":31}},"44":{"start":{"line":99,"column":24},"end":{"line":107,"column":6}},"45":{"start":{"line":108,"column":4},"end":{"line":108,"column":80}},"46":{"start":{"line":111,"column":4},"end":{"line":111,"column":77}},"47":{"start":{"line":112,"column":4},"end":{"line":112,"column":10}},"48":{"start":{"line":114,"column":4},"end":{"line":114,"column":null}},"49":{"start":{"line":115,"column":4},"end":{"line":115,"column":10}},"50":{"start":{"line":121,"column":2},"end":{"line":139,"column":3}},"51":{"start":{"line":122,"column":14},"end":{"line":122,"column":33}},"52":{"start":{"line":123,"column":4},"end":{"line":123,"column":31}},"53":{"start":{"line":124,"column":4},"end":{"line":124,"column":25}},"54":{"start":{"line":126,"column":4},"end":{"line":131,"column":5}},"55":{"start":{"line":127,"column":6},"end":{"line":130,"column":16}},"56":{"start":{"line":133,"column":4},"end":{"line":133,"column":90}},"57":{"start":{"line":135,"column":4},"end":{"line":135,"column":70}},"58":{"start":{"line":136,"column":4},"end":{"line":136,"column":10}},"59":{"start":{"line":138,"column":4},"end":{"line":138,"column":10}}},"fnMap":{"0":{"name":"getPgClient","decl":{"start":{"line":7,"column":22},"end":{"line":7,"column":33}},"loc":{"start":{"line":7,"column":33},"end":{"line":39,"column":null}}},"1":{"name":"createTableIfNotExists","decl":{"start":{"line":42,"column":22},"end":{"line":42,"column":44}},"loc":{"start":{"line":42,"column":44},"end":{"line":62,"column":null}}},"2":{"name":"queryDatabase","decl":{"start":{"line":65,"column":23},"end":{"line":65,"column":36}},"loc":{"start":{"line":65,"column":36},"end":{"line":75,"column":null}}},"3":{"name":"getData","decl":{"start":{"line":77,"column":22},"end":{"line":77,"column":29}},"loc":{"start":{"line":77,"column":41},"end":{"line":91,"column":null}}},"4":{"name":"setData","decl":{"start":{"line":93,"column":22},"end":{"line":93,"column":29}},"loc":{"start":{"line":93,"column":65},"end":{"line":117,"column":null}}},"5":{"name":"revalidateTag","decl":{"start":{"line":119,"column":22},"end":{"line":119,"column":35}},"loc":{"start":{"line":119,"column":40},"end":{"line":140,"column":null}}}},"branchMap":{"0":{"loc":{"start":{"line":13,"column":10},"end":{"line":13,"column":45}},"type":"binary-expr","locations":[{"start":{"line":13,"column":10},"end":{"line":13,"column":37}},{"start":{"line":13,"column":41},"end":{"line":13,"column":45}}]},"1":{"loc":{"start":{"line":14,"column":29},"end":{"line":14,"column":79}},"type":"binary-expr","locations":[{"start":{"line":14,"column":29},"end":{"line":14,"column":74}},{"start":{"line":14,"column":78},"end":{"line":14,"column":79}}]},"2":{"loc":{"start":{"line":15,"column":24},"end":{"line":15,"column":72}},"type":"binary-expr","locations":[{"start":{"line":15,"column":24},"end":{"line":15,"column":63}},{"start":{"line":15,"column":67},"end":{"line":15,"column":72}}]},"3":{"loc":{"start":{"line":16,"column":9},"end":{"line":16,"column":50}},"type":"binary-expr","locations":[{"start":{"line":16,"column":9},"end":{"line":16,"column":44}},{"start":{"line":16,"column":48},"end":{"line":16,"column":50}}]},"4":{"loc":{"start":{"line":17,"column":21},"end":{"line":17,"column":69}},"type":"binary-expr","locations":[{"start":{"line":17,"column":21},"end":{"line":17,"column":60}},{"start":{"line":17,"column":64},"end":{"line":17,"column":69}}]},"5":{"loc":{"start":{"line":19,"column":2},"end":{"line":37,"column":3}},"type":"if","locations":[{"start":{"line":19,"column":2},"end":{"line":37,"column":3}},{"start":{"line":28,"column":7},"end":{"line":37,"column":3}}]},"6":{"loc":{"start":{"line":71,"column":16},"end":{"line":71,"column":28}},"type":"cond-expr","locations":[{"start":{"line":71,"column":22},"end":{"line":71,"column":24}},{"start":{"line":71,"column":16},"end":{"line":71,"column":28}}]},"7":{"loc":{"start":{"line":71,"column":16},"end":{"line":71,"column":24}},"type":"binary-expr","locations":[{"start":{"line":71,"column":16},"end":{"line":71,"column":24}},{"start":{"line":71,"column":16},"end":{"line":71,"column":24}}]},"8":{"loc":{"start":{"line":83,"column":11},"end":{"line":83,"column":28}},"type":"cond-expr","locations":[{"start":{"line":83,"column":23},"end":{"line":83,"column":26}},{"start":{"line":83,"column":23},"end":{"line":83,"column":28}}]},"9":{"loc":{"start":{"line":83,"column":11},"end":{"line":83,"column":26}},"type":"binary-expr","locations":[{"start":{"line":83,"column":11},"end":{"line":83,"column":26}},{"start":{"line":83,"column":23},"end":{"line":83,"column":26}}]},"10":{"loc":{"start":{"line":83,"column":11},"end":{"line":83,"column":23}},"type":"cond-expr","locations":[{"start":{"line":83,"column":17},"end":{"line":83,"column":19}},{"start":{"line":83,"column":11},"end":{"line":83,"column":23}}]},"11":{"loc":{"start":{"line":83,"column":11},"end":{"line":83,"column":19}},"type":"binary-expr","locations":[{"start":{"line":83,"column":11},"end":{"line":83,"column":19}},{"start":{"line":83,"column":11},"end":{"line":83,"column":19}}]},"12":{"loc":{"start":{"line":98,"column":17},"end":{"line":98,"column":31}},"type":"binary-expr","locations":[{"start":{"line":98,"column":17},"end":{"line":98,"column":25}},{"start":{"line":98,"column":29},"end":{"line":98,"column":31}}]}},"s":{"0":1,"1":1,"2":1,"3":1,"4":1,"5":1,"6":1,"7":1,"8":1,"9":23,"10":23,"11":19,"12":19,"13":19,"14":4,"15":4,"16":2,"17":2,"18":2,"19":2,"20":2,"21":1,"22":0,"23":2,"24":2,"25":2,"26":2,"27":1,"28":1,"29":2,"30":2,"31":2,"32":2,"33":2,"34":1,"35":1,"36":1,"37":2,"38":2,"39":2,"40":2,"41":2,"42":2,"43":2,"44":2,"45":2,"46":1,"47":1,"48":2,"49":2,"50":2,"51":2,"52":2,"53":2,"54":2,"55":3,"56":1,"57":1,"58":1,"59":2},"f":{"0":23,"1":2,"2":2,"3":2,"4":2,"5":2},"b":{"0":[23,23],"1":[23,23],"2":[23,23],"3":[23,23],"4":[23,23],"5":[19,4],"6":[0,1],"7":[1,1],"8":[0,1],"9":[1,1],"10":[0,1],"11":[1,1],"12":[2,0]}}
}
