TN:
SF:src/pgclient.ts
FN:7,getPgClient
FN:42,createTableIfNotExists
FN:65,queryDatabase
FN:77,getData
FN:93,setData
FN:119,revalidateTag
FNF:6
FNH:6
FNDA:23,getPgClient
FNDA:2,createTableIfNotExists
FNDA:2,queryDatabase
FNDA:2,getData
FNDA:2,setData
FNDA:2,revalidateTag
DA:1,1
DA:2,1
DA:3,1
DA:7,1
DA:8,23
DA:19,23
DA:20,19
DA:26,19
DA:27,19
DA:29,4
DA:36,4
DA:42,1
DA:43,2
DA:44,2
DA:45,2
DA:46,2
DA:54,2
DA:57,1
DA:60,0
DA:65,1
DA:67,2
DA:68,2
DA:69,2
DA:70,2
DA:71,1
DA:73,1
DA:77,1
DA:78,2
DA:79,2
DA:80,2
DA:81,2
DA:82,2
DA:83,1
DA:85,1
DA:86,1
DA:88,2
DA:89,2
DA:93,1
DA:94,2
DA:95,2
DA:96,2
DA:97,2
DA:98,2
DA:99,2
DA:108,2
DA:111,1
DA:112,1
DA:114,2
DA:115,2
DA:119,1
DA:121,2
DA:122,2
DA:123,2
DA:124,2
DA:126,2
DA:127,3
DA:133,1
DA:135,1
DA:136,1
DA:138,2
LF:60
LH:59
BRDA:13,0,0,23
BRDA:13,0,1,23
BRDA:14,1,0,23
BRDA:14,1,1,23
BRDA:15,2,0,23
BRDA:15,2,1,23
BRDA:16,3,0,23
BRDA:16,3,1,23
BRDA:17,4,0,23
BRDA:17,4,1,23
BRDA:19,5,0,19
BRDA:19,5,1,4
BRDA:71,6,0,0
BRDA:71,6,1,1
BRDA:71,7,0,1
BRDA:71,7,1,1
BRDA:83,8,0,0
BRDA:83,8,1,1
BRDA:83,9,0,1
BRDA:83,9,1,1
BRDA:83,10,0,0
BRDA:83,10,1,1
BRDA:83,11,0,1
BRDA:83,11,1,1
BRDA:98,12,0,2
BRDA:98,12,1,0
BRF:26
BRH:22
end_of_record
